<?xml version="1.0" encoding="UTF-8"?>
<!-- Generated by org.testng.reporters.JUnitXMLReporter -->
<testsuite hostname="VIDIN-Laptop" name="Test" tests="2" failures="1" timestamp="30 Aug 2021 06:09:42 GMT" time="5.296" errors="0">
  <testcase name="signinvalidate" time="5.283" classname="WhataburgerSampleG.WhataburgerSampleA.SigninTest"/>
  <testcase name="hmsignin" time="0.001" classname="WhataburgerSampleG.WhataburgerSampleA.HomeMenuTest">
    <failure type="java.lang.NullPointerException">
      <![CDATA[java.lang.NullPointerException
	at WhataburgerSampleG.WhataburgerSampleA.HomeMenuTest.hmsignin(HomeMenuTest.java:24)
... Removed 24 stack frames]]>
    </failure>
  </testcase> <!-- hmsignin -->
</testsuite> <!-- Test -->
