<?xml version="1.0" encoding="UTF-8"?>
<!-- Generated by org.testng.reporters.JUnitXMLReporter -->
<testsuite hostname="VIDIN-Laptop" name="Command line test" tests="4" failures="4" timestamp="29 Aug 2021 03:44:48 GMT" time="2.291" errors="0">
  <testcase name="Forgotpasswordemail" time="0.001" classname="WhataburgerSampleG.WhataburgerSampleA.ForgotpasswordErrormessageTest">
    <failure type="java.lang.NullPointerException">
      <![CDATA[java.lang.NullPointerException
	at Pages.SigninPage.navigate(SigninPage.java:25)
	at WhataburgerSampleG.WhataburgerSampleA.ForgotpasswordErrormessageTest.Forgotpasswordemail(ForgotpasswordErrormessageTest.java:23)
... Removed 34 stack frames]]>
    </failure>
  </testcase> <!-- Forgotpasswordemail -->
  <testcase name="Forgotpasswordemail1" time="0.0" classname="WhataburgerSampleG.WhataburgerSampleA.ForgotpasswordErrormessageTest">
    <failure type="java.lang.NullPointerException">
      <![CDATA[java.lang.NullPointerException
	at Pages.SigninPage.navigate(SigninPage.java:25)
	at WhataburgerSampleG.WhataburgerSampleA.ForgotpasswordErrormessageTest.Forgotpasswordemail1(ForgotpasswordErrormessageTest.java:34)
... Removed 34 stack frames]]>
    </failure>
  </testcase> <!-- Forgotpasswordemail1 -->
  <testcase name="wrongemail" time="0.0" classname="WhataburgerSampleG.WhataburgerSampleA.InvalidemailTest">
    <failure type="java.lang.NullPointerException">
      <![CDATA[java.lang.NullPointerException
	at Pages.SigninPage.navigate(SigninPage.java:25)
	at WhataburgerSampleG.WhataburgerSampleA.InvalidemailTest.wrongemail(InvalidemailTest.java:20)
... Removed 34 stack frames]]>
    </failure>
  </testcase> <!-- wrongemail -->
  <testcase name="signinvalidate" time="0.0" classname="WhataburgerSampleG.WhataburgerSampleA.SigninTest">
    <failure type="java.lang.NullPointerException">
      <![CDATA[java.lang.NullPointerException
	at Pages.SigninPage.navigate(SigninPage.java:25)
	at WhataburgerSampleG.WhataburgerSampleA.SigninTest.signinvalidate(SigninTest.java:31)
... Removed 34 stack frames]]>
    </failure>
  </testcase> <!-- signinvalidate -->
</testsuite> <!-- Command line test -->
