<?xml version="1.0" encoding="UTF-8"?>
<testng-results skipped="0" failed="0" total="1" passed="1">
  <reporter-output>
  </reporter-output>
  <suite name="Default suite" duration-ms="8908" started-at="2021-09-13T04:20:36Z" finished-at="2021-09-13T04:20:45Z">
    <groups>
    </groups>
    <test name="Default test" duration-ms="8908" started-at="2021-09-13T04:20:36Z" finished-at="2021-09-13T04:20:45Z">
      <class name="WhataburgerSampleG.WhataburgerSampleA.HomeMenuTest">
        <test-method status="PASS" signature="setuptest()[pri:0, instance:WhataburgerSampleG.WhataburgerSampleA.HomeMenuTest@5bcab519]" name="setuptest" is-config="true" duration-ms="2546" started-at="2021-09-12T23:20:36Z" finished-at="2021-09-12T23:20:39Z">
          <reporter-output>
          </reporter-output>
        </test-method> <!-- setuptest -->
        <test-method status="PASS" signature="hmsignin()[pri:0, instance:WhataburgerSampleG.WhataburgerSampleA.HomeMenuTest@5bcab519]" name="hmsignin" duration-ms="5674" started-at="2021-09-12T23:20:39Z" finished-at="2021-09-12T23:20:44Z">
          <reporter-output>
          </reporter-output>
        </test-method> <!-- hmsignin -->
        <test-method status="PASS" signature="quit()[pri:0, instance:WhataburgerSampleG.WhataburgerSampleA.HomeMenuTest@5bcab519]" name="quit" is-config="true" duration-ms="678" started-at="2021-09-12T23:20:44Z" finished-at="2021-09-12T23:20:45Z">
          <reporter-output>
          </reporter-output>
        </test-method> <!-- quit -->
      </class> <!-- WhataburgerSampleG.WhataburgerSampleA.HomeMenuTest -->
    </test> <!-- Default test -->
  </suite> <!-- Default suite -->
</testng-results>
